<?xml version="1.0" encoding="UTF-8"?>
<testng-results ignored="0" total="3" passed="3" failed="0" skipped="0">
  <reporter-output>
  </reporter-output>
  <suite started-at="2023-05-02T15:58:49 IST" name="Default suite" finished-at="2023-05-02T15:59:04 IST" duration-ms="15583">
    <groups>
    </groups>
    <test started-at="2023-05-02T15:58:49 IST" name="Default test" finished-at="2023-05-02T15:59:04 IST" duration-ms="15583">
      <class name="Tests.TC1">
        <test-method is-config="true" signature="Start()[pri:0, instance:Tests.TC1@6392827e]" started-at="2023-05-02T15:58:49 IST" name="Start" finished-at="2023-05-02T15:59:04 IST" duration-ms="15229" status="PASS">
          <reporter-output>
          </reporter-output>
        </test-method> <!-- Start -->
        <test-method signature="GetTitle()[pri:0, instance:Tests.TC1@6392827e]" started-at="2023-05-02T15:59:04 IST" name="GetTitle" finished-at="2023-05-02T15:59:04 IST" duration-ms="22" status="PASS">
          <reporter-output>
          </reporter-output>
        </test-method> <!-- GetTitle -->
        <test-method signature="GetURL()[pri:0, instance:Tests.TC1@6392827e]" started-at="2023-05-02T15:59:04 IST" name="GetURL" finished-at="2023-05-02T15:59:04 IST" duration-ms="6" status="PASS">
          <reporter-output>
          </reporter-output>
        </test-method> <!-- GetURL -->
        <test-method signature="GetWindowHandle()[pri:0, instance:Tests.TC1@6392827e]" started-at="2023-05-02T15:59:04 IST" name="GetWindowHandle" finished-at="2023-05-02T15:59:04 IST" duration-ms="2" status="PASS">
          <reporter-output>
          </reporter-output>
        </test-method> <!-- GetWindowHandle -->
        <test-method is-config="true" signature="End()[pri:0, instance:Tests.TC1@6392827e]" started-at="2023-05-02T15:59:04 IST" name="End" finished-at="2023-05-02T15:59:04 IST" duration-ms="255" status="PASS">
          <reporter-output>
          </reporter-output>
        </test-method> <!-- End -->
      </class> <!-- Tests.TC1 -->
    </test> <!-- Default test -->
  </suite> <!-- Default suite -->
</testng-results>
